<?xml version="1.0" encoding="utf-8" standalone="no"?>
<!--This file represents the results of running a test suite-->
<test-results name="C:\Users\AlinCosmin\Documents\Visual Studio 2013\Projects\TestTargetConsoleApplication\TestTargetConsoleApplication.Tests\bin\Debug\TestTargetConsoleApplication.Tests.dll" total="1" errors="0" failures="0" not-run="0" inconclusive="0" ignored="0" skipped="0" invalid="0" date="2013-12-10" time="14:15:18">
  <environment nunit-version="2.6.3.13283" clr-version="2.0.50727.7905" os-version="Microsoft Windows NT 6.2.9200.0" platform="Win32NT" cwd="C:\Program Files (x86)\NUnit 2.6.3\bin" machine-name="DELLUS" user="AlinCosmin" user-domain="Dellus" />
  <culture-info current-culture="en-US" current-uiculture="en-US" />
  <test-suite type="Assembly" name="C:\Users\AlinCosmin\Documents\Visual Studio 2013\Projects\TestTargetConsoleApplication\TestTargetConsoleApplication.Tests\bin\Debug\TestTargetConsoleApplication.Tests.dll" executed="True" result="Success" success="True" time="0.101" asserts="0">
    <results>
      <test-suite type="Namespace" name="TestTargetConsoleApplication" executed="True" result="Success" success="True" time="0.083" asserts="0">
        <results>
          <test-suite type="Namespace" name="Tests" executed="True" result="Success" success="True" time="0.083" asserts="0">
            <results>
              <test-suite type="TestFixture" name="AccountTest" executed="True" result="Success" success="True" time="0.080" asserts="0">
                <results>
                  <test-case name="TestTargetConsoleApplication.Tests.AccountTest.TransferFunds" executed="True" result="Success" success="True" time="0.068" asserts="2" />
                </results>
              </test-suite>
            </results>
          </test-suite>
        </results>
      </test-suite>
    </results>
  </test-suite>
</test-results>